examinationSystem/build/outputs/logs/manifest-merger-release-report.txt
-- Merging decision tree log ---
manifest
ADDED from src\main\AndroidManifest.xml:2:1-114:12
	xmlns:android
		ADDED from src\main\AndroidManifest.xml:2:11-69
	package
		ADDED from src\main\AndroidManifest.xml:3:5-36
		INJECTED from src\main\AndroidManifest.xml
		INJECTED from src\main\AndroidManifest.xml
	android:versionName
		ADDED from src\main\AndroidManifest.xml:6:5-30
	android:versionCode
		ADDED from src\main\AndroidManifest.xml:5:5-28
		INJECTED from src\main\AndroidManifest.xml
		INJECTED from src\main\AndroidManifest.xml
	android:installLocation
		ADDED from src\main\AndroidManifest.xml:4:5-35
uses-sdk
ADDED from src\main\AndroidManifest.xml:8:5-10:41
	android:targetSdkVersion
		ADDED from src\main\AndroidManifest.xml:10:9-38
		INJECTED from src\main\AndroidManifest.xml
		INJECTED from src\main\AndroidManifest.xml
	android:minSdkVersion
		ADDED from src\main\AndroidManifest.xml:9:9-34
		INJECTED from src\main\AndroidManifest.xml
		INJECTED from src\main\AndroidManifest.xml
uses-permission#android.permission.ACCESS_NETWORK_STATE
ADDED from src\main\AndroidManifest.xml:12:5-79
	android:name
		ADDED from src\main\AndroidManifest.xml:12:22-76
uses-permission#android.permission.ACCESS_WIFI_STATE
ADDED from src\main\AndroidManifest.xml:13:5-76
	android:name
		ADDED from src\main\AndroidManifest.xml:13:22-73
uses-permission#android.permission.INTERNET
ADDED from src\main\AndroidManifest.xml:14:5-67
	android:name
		ADDED from src\main\AndroidManifest.xml:14:22-64
uses-permission#android.permission.WRITE_EXTERNAL_STORAGE
ADDED from src\main\AndroidManifest.xml:15:5-81
	android:name
		ADDED from src\main\AndroidManifest.xml:15:22-78
uses-permission#android.permission.READ_PHONE_STATE
ADDED from src\main\AndroidManifest.xml:16:5-75
	android:name
		ADDED from src\main\AndroidManifest.xml:16:22-72
uses-permission#android.permission.READ_EXTERNAL_STORAGE
ADDED from src\main\AndroidManifest.xml:17:5-80
	android:name
		ADDED from src\main\AndroidManifest.xml:17:22-77
application
ADDED from src\main\AndroidManifest.xml:19:5-112:19
	android:label
		ADDED from src\main\AndroidManifest.xml:23:9-41
	android:allowBackup
		ADDED from src\main\AndroidManifest.xml:20:9-35
	android:icon
		ADDED from src\main\AndroidManifest.xml:22:9-44
	android:theme
		ADDED from src\main\AndroidManifest.xml:24:9-40
	android:hardwareAccelerated
		ADDED from src\main\AndroidManifest.xml:21:9-43
activity#com.qdjxd.examination.MainActivity
ADDED from src\main\AndroidManifest.xml:25:9-36:20
	android:screenOrientation
		ADDED from src\main\AndroidManifest.xml:29:13-49
	android:label
		ADDED from src\main\AndroidManifest.xml:28:13-45
	android:configChanges
		ADDED from src\main\AndroidManifest.xml:27:13-48
	android:theme
		ADDED from src\main\AndroidManifest.xml:30:13-60
	android:name
		ADDED from src\main\AndroidManifest.xml:26:13-41
intent-filter#android.intent.action.MAIN+android.intent.category.LAUNCHER
ADDED from src\main\AndroidManifest.xml:31:13-35:29
action#android.intent.action.MAIN
ADDED from src\main\AndroidManifest.xml:32:17-69
	android:name
		ADDED from src\main\AndroidManifest.xml:32:25-66
category#android.intent.category.LAUNCHER
ADDED from src\main\AndroidManifest.xml:34:17-77
	android:name
		ADDED from src\main\AndroidManifest.xml:34:27-74
activity#com.qdjxd.examination.LoginActivity
ADDED from src\main\AndroidManifest.xml:42:9-46:84
	android:windowSoftInputMode
		ADDED from src\main\AndroidManifest.xml:46:13-72
	android:screenOrientation
		ADDED from src\main\AndroidManifest.xml:44:13-49
	android:theme
		ADDED from src\main\AndroidManifest.xml:45:13-60
	android:name
		ADDED from src\main\AndroidManifest.xml:43:13-42
activity#com.qdjxd.examination.UserInfoActivity
ADDED from src\main\AndroidManifest.xml:47:9-51:84
	android:windowSoftInputMode
		ADDED from src\main\AndroidManifest.xml:51:13-72
	android:screenOrientation
		ADDED from src\main\AndroidManifest.xml:49:13-49
	android:theme
		ADDED from src\main\AndroidManifest.xml:50:13-60
	android:name
		ADDED from src\main\AndroidManifest.xml:48:13-45
activity#com.qdjxd.examination.MyInfoActivity
ADDED from src\main\AndroidManifest.xml:52:9-56:84
	android:windowSoftInputMode
		ADDED from src\main\AndroidManifest.xml:56:13-72
	android:screenOrientation
		ADDED from src\main\AndroidManifest.xml:54:13-49
	android:theme
		ADDED from src\main\AndroidManifest.xml:55:13-60
	android:name
		ADDED from src\main\AndroidManifest.xml:53:13-43
activity#com.qdjxd.examination.ParamSettingActivity
ADDED from src\main\AndroidManifest.xml:57:9-61:84
	android:windowSoftInputMode
		ADDED from src\main\AndroidManifest.xml:61:13-72
	android:screenOrientation
		ADDED from src\main\AndroidManifest.xml:59:13-49
	android:theme
		ADDED from src\main\AndroidManifest.xml:60:13-60
	android:name
		ADDED from src\main\AndroidManifest.xml:58:13-49
activity#com.qdjxd.examination.examacitvity.OrdinalExamActivity
ADDED from src\main\AndroidManifest.xml:62:9-66:84
	android:windowSoftInputMode
		ADDED from src\main\AndroidManifest.xml:66:13-72
	android:screenOrientation
		ADDED from src\main\AndroidManifest.xml:64:13-49
	android:theme
		ADDED from src\main\AndroidManifest.xml:65:13-60
	android:name
		ADDED from src\main\AndroidManifest.xml:63:13-61
activity#com.qdjxd.examination.examacitvity.RandomExamActivity
ADDED from src\main\AndroidManifest.xml:67:9-71:84
	android:windowSoftInputMode
		ADDED from src\main\AndroidManifest.xml:71:13-72
	android:screenOrientation
		ADDED from src\main\AndroidManifest.xml:69:13-49
	android:theme
		ADDED from src\main\AndroidManifest.xml:70:13-60
	android:name
		ADDED from src\main\AndroidManifest.xml:68:13-60
activity#com.qdjxd.examination.examacitvity.PracticeExamActivity
ADDED from src\main\AndroidManifest.xml:72:9-76:84
	android:windowSoftInputMode
		ADDED from src\main\AndroidManifest.xml:76:13-72
	android:screenOrientation
		ADDED from src\main\AndroidManifest.xml:74:13-49
	android:theme
		ADDED from src\main\AndroidManifest.xml:75:13-60
	android:name
		ADDED from src\main\AndroidManifest.xml:73:13-62
activity#com.qdjxd.examination.examacitvity.ExamResultsActivity
ADDED from src\main\AndroidManifest.xml:77:9-81:84
	android:windowSoftInputMode
		ADDED from src\main\AndroidManifest.xml:81:13-72
	android:screenOrientation
		ADDED from src\main\AndroidManifest.xml:79:13-49
	android:theme
		ADDED from src\main\AndroidManifest.xml:80:13-60
	android:name
		ADDED from src\main\AndroidManifest.xml:78:13-61
activity#com.qdjxd.examination.examacitvity.CheckExamActivity
ADDED from src\main\AndroidManifest.xml:82:9-86:84
	android:windowSoftInputMode
		ADDED from src\main\AndroidManifest.xml:86:13-72
	android:screenOrientation
		ADDED from src\main\AndroidManifest.xml:84:13-49
	android:theme
		ADDED from src\main\AndroidManifest.xml:85:13-60
	android:name
		ADDED from src\main\AndroidManifest.xml:83:13-59
activity#com.qdjxd.examination.examacitvity.QuestionSelectActivity
ADDED from src\main\AndroidManifest.xml:87:9-91:84
	android:windowSoftInputMode
		ADDED from src\main\AndroidManifest.xml:91:13-72
	android:screenOrientation
		ADDED from src\main\AndroidManifest.xml:89:13-49
	android:theme
		ADDED from src\main\AndroidManifest.xml:90:13-60
	android:name
		ADDED from src\main\AndroidManifest.xml:88:13-64
activity#com.qdjxd.examination.examacitvity.ShowQuestionActivity
ADDED from src\main\AndroidManifest.xml:92:9-96:84
	android:windowSoftInputMode
		ADDED from src\main\AndroidManifest.xml:96:13-72
	android:screenOrientation
		ADDED from src\main\AndroidManifest.xml:94:13-49
	android:theme
		ADDED from src\main\AndroidManifest.xml:95:13-60
	android:name
		ADDED from src\main\AndroidManifest.xml:93:13-62
activity#com.qdjxd.examination.examacitvity.SpecialTypeExamActivity
ADDED from src\main\AndroidManifest.xml:97:9-101:84
	android:windowSoftInputMode
		ADDED from src\main\AndroidManifest.xml:101:13-72
	android:screenOrientation
		ADDED from src\main\AndroidManifest.xml:99:13-49
	android:theme
		ADDED from src\main\AndroidManifest.xml:100:13-60
	android:name
		ADDED from src\main\AndroidManifest.xml:98:13-65
activity#com.qdjxd.examination.DownLoadExamActivity
ADDED from src\main\AndroidManifest.xml:102:9-106:84
	android:windowSoftInputMode
		ADDED from src\main\AndroidManifest.xml:106:13-72
	android:screenOrientation
		ADDED from src\main\AndroidManifest.xml:104:13-49
	android:theme
		ADDED from src\main\AndroidManifest.xml:105:13-60
	android:name
		ADDED from src\main\AndroidManifest.xml:103:13-49
activity#com.qdjxd.examination.examacitvity.AutonomousExamActivity
ADDED from src\main\AndroidManifest.xml:107:9-111:84
	android:windowSoftInputMode
		ADDED from src\main\AndroidManifest.xml:111:13-72
	android:screenOrientation
		ADDED from src\main\AndroidManifest.xml:109:13-49
	android:theme
		ADDED from src\main\AndroidManifest.xml:110:13-60
	android:name
		ADDED from src\main\AndroidManifest.xml:108:13-64